{"F:\\training-gumi-fe\\training-vue\\wolmart\\src\\components\\Breadcrumb\\index.vue": {"path":"F:\\training-gumi-fe\\training-vue\\wolmart\\src\\components\\Breadcrumb\\index.vue","statementMap":{"0":{"start":{"line":19,"column":0},"end":{"line":19,"column":null}},"1":{"start":{"line":23,"column":0},"end":{"line":23,"column":null}},"2":{"start":{"line":30,"column":0},"end":{"line":51,"column":null}},"3":{"start":{"line":31,"column":0},"end":{"line":31,"column":null}},"4":{"start":{"line":33,"column":0},"end":{"line":38,"column":null}},"5":{"start":{"line":34,"column":0},"end":{"line":34,"column":null}},"6":{"start":{"line":39,"column":0},"end":{"line":50,"column":null}},"7":{"start":{"line":39,"column":0},"end":{"line":39,"column":null}},"8":{"start":{"line":40,"column":0},"end":{"line":40,"column":null}},"9":{"start":{"line":45,"column":0},"end":{"line":49,"column":null}},"10":{"start":{"line":46,"column":0},"end":{"line":48,"column":null}},"11":{"start":{"line":47,"column":0},"end":{"line":47,"column":null}}},"fnMap":{"0":{"name":"(anonymous_1)","decl":{"start":{"line":22,"column":0},"end":{"line":22,"column":null}},"loc":{"start":{"line":22,"column":0},"end":{"line":26,"column":null}}},"1":{"name":"(anonymous_2)","decl":{"start":{"line":29,"column":0},"end":{"line":29,"column":null}},"loc":{"start":{"line":29,"column":0},"end":{"line":52,"column":null}}},"2":{"name":"(anonymous_3)","decl":{"start":{"line":39,"column":0},"end":{"line":39,"column":null}},"loc":{"start":{"line":39,"column":0},"end":{"line":39,"column":null}}},"3":{"name":"(anonymous_4)","decl":{"start":{"line":45,"column":0},"end":{"line":45,"column":null}},"loc":{"start":{"line":45,"column":0},"end":{"line":49,"column":null}}}},"branchMap":{"0":{"loc":{"start":{"line":30,"column":0},"end":{"line":51,"column":null}},"type":"if","locations":[{"start":{"line":30,"column":0},"end":{"line":51,"column":null}}]},"1":{"loc":{"start":{"line":33,"column":0},"end":{"line":38,"column":null}},"type":"if","locations":[{"start":{"line":33,"column":0},"end":{"line":38,"column":null}}]},"2":{"loc":{"start":{"line":39,"column":0},"end":{"line":50,"column":null}},"type":"if","locations":[{"start":{"line":39,"column":0},"end":{"line":50,"column":null}},{"start":{"line":44,"column":0},"end":{"line":50,"column":null}}]},"3":{"loc":{"start":{"line":46,"column":0},"end":{"line":48,"column":null}},"type":"if","locations":[{"start":{"line":46,"column":0},"end":{"line":48,"column":null}}]}},"s":{"0":0,"1":0,"2":0,"3":0,"4":0,"5":0,"6":0,"7":0,"8":0,"9":0,"10":0,"11":0},"f":{"0":0,"1":0,"2":0,"3":0},"b":{"0":[0],"1":[0],"2":[0,0],"3":[0]}}
,"F:\\training-gumi-fe\\training-vue\\wolmart\\src\\components\\Button\\ButtonPrimary.vue": {"path":"F:\\training-gumi-fe\\training-vue\\wolmart\\src\\components\\Button\\ButtonPrimary.vue","statementMap":{"0":{"start":{"line":20,"column":0},"end":{"line":20,"column":null}},"1":{"start":{"line":25,"column":0},"end":{"line":25,"column":null}},"2":{"start":{"line":50,"column":0},"end":{"line":50,"column":null}},"3":{"start":{"line":60,"column":0},"end":{"line":60,"column":null}},"4":{"start":{"line":62,"column":0},"end":{"line":62,"column":null}}},"fnMap":{"0":{"name":"(anonymous_1)","decl":{"start":{"line":20,"column":0},"end":{"line":20,"column":null}},"loc":{"start":{"line":20,"column":0},"end":{"line":20,"column":null}}},"1":{"name":"(anonymous_2)","decl":{"start":{"line":25,"column":0},"end":{"line":25,"column":null}},"loc":{"start":{"line":25,"column":0},"end":{"line":25,"column":null}}},"2":{"name":"(anonymous_3)","decl":{"start":{"line":49,"column":0},"end":{"line":49,"column":null}},"loc":{"start":{"line":49,"column":0},"end":{"line":56,"column":null}}},"3":{"name":"(anonymous_4)","decl":{"start":{"line":59,"column":0},"end":{"line":59,"column":null}},"loc":{"start":{"line":59,"column":0},"end":{"line":63,"column":null}}}},"branchMap":{"0":{"loc":{"start":{"line":60,"column":0},"end":{"line":60,"column":null}},"type":"if","locations":[{"start":{"line":60,"column":0},"end":{"line":60,"column":null}}]}},"s":{"0":4,"1":4,"2":3,"3":0,"4":0},"f":{"0":4,"1":4,"2":3,"3":0},"b":{"0":[0]}}
,"F:\\training-gumi-fe\\training-vue\\wolmart\\src\\components\\DatePicker\\index.vue": {"path":"F:\\training-gumi-fe\\training-vue\\wolmart\\src\\components\\DatePicker\\index.vue","statementMap":{"0":{"start":{"line":52,"column":0},"end":{"line":52,"column":null}},"1":{"start":{"line":59,"column":0},"end":{"line":59,"column":null}},"2":{"start":{"line":62,"column":0},"end":{"line":62,"column":null}}},"fnMap":{"0":{"name":"(anonymous_1)","decl":{"start":{"line":51,"column":0},"end":{"line":51,"column":null}},"loc":{"start":{"line":51,"column":0},"end":{"line":56,"column":null}}},"1":{"name":"(anonymous_2)","decl":{"start":{"line":58,"column":0},"end":{"line":58,"column":null}},"loc":{"start":{"line":58,"column":0},"end":{"line":60,"column":null}}},"2":{"name":"(anonymous_3)","decl":{"start":{"line":61,"column":0},"end":{"line":61,"column":null}},"loc":{"start":{"line":61,"column":0},"end":{"line":63,"column":null}}}},"branchMap":{},"s":{"0":0,"1":0,"2":0},"f":{"0":0,"1":0,"2":0},"b":{}}
,"F:\\training-gumi-fe\\training-vue\\wolmart\\src\\components\\Footer\\Footer.vue": {"path":"F:\\training-gumi-fe\\training-vue\\wolmart\\src\\components\\Footer\\Footer.vue","statementMap":{"0":{"start":{"line":66,"column":0},"end":{"line":66,"column":null}}},"fnMap":{"0":{"name":"(anonymous_1)","decl":{"start":{"line":65,"column":0},"end":{"line":65,"column":null}},"loc":{"start":{"line":65,"column":0},"end":{"line":71,"column":null}}}},"branchMap":{},"s":{"0":0},"f":{"0":0},"b":{}}
,"F:\\training-gumi-fe\\training-vue\\wolmart\\src\\components\\Header\\Header.vue": {"path":"F:\\training-gumi-fe\\training-vue\\wolmart\\src\\components\\Header\\Header.vue","statementMap":{"0":{"start":{"line":121,"column":0},"end":{"line":121,"column":null}},"1":{"start":{"line":122,"column":0},"end":{"line":122,"column":null}},"2":{"start":{"line":123,"column":0},"end":{"line":123,"column":null}},"3":{"start":{"line":124,"column":0},"end":{"line":124,"column":null}},"4":{"start":{"line":125,"column":0},"end":{"line":125,"column":null}},"5":{"start":{"line":126,"column":0},"end":{"line":126,"column":null}},"6":{"start":{"line":127,"column":0},"end":{"line":127,"column":null}},"7":{"start":{"line":136,"column":0},"end":{"line":136,"column":null}},"8":{"start":{"line":149,"column":0},"end":{"line":149,"column":null}},"9":{"start":{"line":150,"column":0},"end":{"line":150,"column":null}},"10":{"start":{"line":151,"column":0},"end":{"line":151,"column":null}},"11":{"start":{"line":152,"column":0},"end":{"line":154,"column":null}},"12":{"start":{"line":153,"column":0},"end":{"line":153,"column":null}},"13":{"start":{"line":157,"column":0},"end":{"line":164,"column":null}},"14":{"start":{"line":158,"column":0},"end":{"line":158,"column":null}},"15":{"start":{"line":159,"column":0},"end":{"line":161,"column":null}},"16":{"start":{"line":160,"column":0},"end":{"line":160,"column":null}},"17":{"start":{"line":163,"column":0},"end":{"line":163,"column":null}}},"fnMap":{"0":{"name":"(anonymous_1)","decl":{"start":{"line":135,"column":0},"end":{"line":135,"column":null}},"loc":{"start":{"line":135,"column":0},"end":{"line":139,"column":null}}},"1":{"name":"(anonymous_2)","decl":{"start":{"line":148,"column":0},"end":{"line":148,"column":null}},"loc":{"start":{"line":148,"column":0},"end":{"line":155,"column":null}}},"2":{"name":"(anonymous_3)","decl":{"start":{"line":156,"column":0},"end":{"line":156,"column":null}},"loc":{"start":{"line":156,"column":0},"end":{"line":165,"column":null}}}},"branchMap":{"0":{"loc":{"start":{"line":152,"column":0},"end":{"line":154,"column":null}},"type":"if","locations":[{"start":{"line":152,"column":0},"end":{"line":154,"column":null}}]},"1":{"loc":{"start":{"line":159,"column":0},"end":{"line":161,"column":null}},"type":"if","locations":[{"start":{"line":159,"column":0},"end":{"line":161,"column":null}}]}},"s":{"0":0,"1":0,"2":0,"3":0,"4":0,"5":0,"6":0,"7":0,"8":0,"9":0,"10":0,"11":0,"12":0,"13":0,"14":0,"15":0,"16":0,"17":0},"f":{"0":0,"1":0,"2":0},"b":{"0":[0],"1":[0]}}
,"F:\\training-gumi-fe\\training-vue\\wolmart\\src\\components\\Modal\\index.vue": {"path":"F:\\training-gumi-fe\\training-vue\\wolmart\\src\\components\\Modal\\index.vue","statementMap":{"0":{"start":{"line":43,"column":0},"end":{"line":43,"column":null}},"1":{"start":{"line":46,"column":0},"end":{"line":46,"column":null}}},"fnMap":{"0":{"name":"(anonymous_1)","decl":{"start":{"line":42,"column":0},"end":{"line":42,"column":null}},"loc":{"start":{"line":42,"column":0},"end":{"line":44,"column":null}}},"1":{"name":"(anonymous_2)","decl":{"start":{"line":45,"column":0},"end":{"line":45,"column":null}},"loc":{"start":{"line":45,"column":0},"end":{"line":47,"column":null}}}},"branchMap":{},"s":{"0":0,"1":0},"f":{"0":0,"1":0},"b":{}}
,"F:\\training-gumi-fe\\training-vue\\wolmart\\src\\components\\OrderTable\\OrderTable.vue": {"path":"F:\\training-gumi-fe\\training-vue\\wolmart\\src\\components\\OrderTable\\OrderTable.vue","statementMap":{"0":{"start":{"line":30,"column":0},"end":{"line":30,"column":null}},"1":{"start":{"line":36,"column":0},"end":{"line":36,"column":null}}},"fnMap":{"0":{"name":"(anonymous_1)","decl":{"start":{"line":35,"column":0},"end":{"line":35,"column":null}},"loc":{"start":{"line":35,"column":0},"end":{"line":39,"column":null}}}},"branchMap":{},"s":{"0":0,"1":0},"f":{"0":0},"b":{}}
,"F:\\training-gumi-fe\\training-vue\\wolmart\\src\\components\\Pagination\\Pagination.vue": {"path":"F:\\training-gumi-fe\\training-vue\\wolmart\\src\\components\\Pagination\\Pagination.vue","statementMap":{"0":{"start":{"line":30,"column":0},"end":{"line":30,"column":null}},"1":{"start":{"line":34,"column":0},"end":{"line":34,"column":null}},"2":{"start":{"line":44,"column":0},"end":{"line":44,"column":null}},"3":{"start":{"line":52,"column":0},"end":{"line":52,"column":null}},"4":{"start":{"line":53,"column":0},"end":{"line":53,"column":null}},"5":{"start":{"line":54,"column":0},"end":{"line":54,"column":null}},"6":{"start":{"line":59,"column":0},"end":{"line":59,"column":null}},"7":{"start":{"line":60,"column":0},"end":{"line":60,"column":null}},"8":{"start":{"line":61,"column":0},"end":{"line":61,"column":null}},"9":{"start":{"line":62,"column":0},"end":{"line":64,"column":null}},"10":{"start":{"line":63,"column":0},"end":{"line":63,"column":null}},"11":{"start":{"line":69,"column":0},"end":{"line":71,"column":null}},"12":{"start":{"line":70,"column":0},"end":{"line":70,"column":null}},"13":{"start":{"line":73,"column":0},"end":{"line":73,"column":null}},"14":{"start":{"line":74,"column":0},"end":{"line":74,"column":null}},"15":{"start":{"line":75,"column":0},"end":{"line":75,"column":null}},"16":{"start":{"line":80,"column":0},"end":{"line":80,"column":null}},"17":{"start":{"line":81,"column":0},"end":{"line":81,"column":null}},"18":{"start":{"line":82,"column":0},"end":{"line":82,"column":null}}},"fnMap":{"0":{"name":"(anonymous_1)","decl":{"start":{"line":33,"column":0},"end":{"line":33,"column":null}},"loc":{"start":{"line":33,"column":0},"end":{"line":37,"column":null}}},"1":{"name":"(anonymous_2)","decl":{"start":{"line":43,"column":0},"end":{"line":43,"column":null}},"loc":{"start":{"line":43,"column":0},"end":{"line":45,"column":null}}},"2":{"name":"(anonymous_3)","decl":{"start":{"line":44,"column":0},"end":{"line":44,"column":null}},"loc":{"start":{"line":44,"column":0},"end":{"line":44,"column":null}}},"3":{"name":"(anonymous_4)","decl":{"start":{"line":51,"column":0},"end":{"line":51,"column":null}},"loc":{"start":{"line":51,"column":0},"end":{"line":55,"column":null}}},"4":{"name":"(anonymous_5)","decl":{"start":{"line":58,"column":0},"end":{"line":58,"column":null}},"loc":{"start":{"line":58,"column":0},"end":{"line":65,"column":null}}},"5":{"name":"(anonymous_6)","decl":{"start":{"line":68,"column":0},"end":{"line":68,"column":null}},"loc":{"start":{"line":68,"column":0},"end":{"line":76,"column":null}}},"6":{"name":"(anonymous_7)","decl":{"start":{"line":79,"column":0},"end":{"line":79,"column":null}},"loc":{"start":{"line":79,"column":0},"end":{"line":83,"column":null}}}},"branchMap":{"0":{"loc":{"start":{"line":54,"column":0},"end":{"line":54,"column":null}},"type":"cond-expr","locations":[{"start":{"line":54,"column":0},"end":{"line":54,"column":null}},{"start":{"line":54,"column":0},"end":{"line":54,"column":null}}]},"1":{"loc":{"start":{"line":62,"column":0},"end":{"line":64,"column":null}},"type":"if","locations":[{"start":{"line":62,"column":0},"end":{"line":64,"column":null}}]},"2":{"loc":{"start":{"line":69,"column":0},"end":{"line":71,"column":null}},"type":"if","locations":[{"start":{"line":69,"column":0},"end":{"line":71,"column":null}}]}},"s":{"0":0,"1":0,"2":0,"3":0,"4":0,"5":0,"6":0,"7":0,"8":0,"9":0,"10":0,"11":0,"12":0,"13":0,"14":0,"15":0,"16":0,"17":0,"18":0},"f":{"0":0,"1":0,"2":0,"3":0,"4":0,"5":0,"6":0},"b":{"0":[0,0],"1":[0],"2":[0]}}
,"F:\\training-gumi-fe\\training-vue\\wolmart\\src\\components\\Product\\Product.vue": {"path":"F:\\training-gumi-fe\\training-vue\\wolmart\\src\\components\\Product\\Product.vue","statementMap":{"0":{"start":{"line":43,"column":0},"end":{"line":43,"column":null}},"1":{"start":{"line":44,"column":0},"end":{"line":44,"column":null}}},"fnMap":{},"branchMap":{},"s":{"0":0,"1":0},"f":{},"b":{}}
,"F:\\training-gumi-fe\\training-vue\\wolmart\\src\\components\\Product\\ProductHome.vue": {"path":"F:\\training-gumi-fe\\training-vue\\wolmart\\src\\components\\Product\\ProductHome.vue","statementMap":{"0":{"start":{"line":38,"column":0},"end":{"line":38,"column":null}},"1":{"start":{"line":39,"column":0},"end":{"line":39,"column":null}}},"fnMap":{},"branchMap":{},"s":{"0":0,"1":0},"f":{},"b":{}}
,"F:\\training-gumi-fe\\training-vue\\wolmart\\src\\components\\RatingStarWithDescription\\RatingStarWithDescription.vue": {"path":"F:\\training-gumi-fe\\training-vue\\wolmart\\src\\components\\RatingStarWithDescription\\RatingStarWithDescription.vue","statementMap":{"0":{"start":{"line":9,"column":0},"end":{"line":9,"column":null}}},"fnMap":{},"branchMap":{},"s":{"0":0},"f":{},"b":{}}
,"F:\\training-gumi-fe\\training-vue\\wolmart\\src\\components\\Search\\index.vue": {"path":"F:\\training-gumi-fe\\training-vue\\wolmart\\src\\components\\Search\\index.vue","statementMap":{"0":{"start":{"line":66,"column":0},"end":{"line":66,"column":null}},"1":{"start":{"line":67,"column":0},"end":{"line":67,"column":null}},"2":{"start":{"line":74,"column":0},"end":{"line":74,"column":null}},"3":{"start":{"line":83,"column":0},"end":{"line":83,"column":null}},"4":{"start":{"line":86,"column":0},"end":{"line":86,"column":null}},"5":{"start":{"line":91,"column":0},"end":{"line":91,"column":null}},"6":{"start":{"line":95,"column":0},"end":{"line":97,"column":null}},"7":{"start":{"line":96,"column":0},"end":{"line":96,"column":null}},"8":{"start":{"line":103,"column":0},"end":{"line":103,"column":null}},"9":{"start":{"line":111,"column":0},"end":{"line":111,"column":null}},"10":{"start":{"line":114,"column":0},"end":{"line":114,"column":null}},"11":{"start":{"line":115,"column":0},"end":{"line":117,"column":null}},"12":{"start":{"line":116,"column":0},"end":{"line":116,"column":null}},"13":{"start":{"line":120,"column":0},"end":{"line":127,"column":null}},"14":{"start":{"line":121,"column":0},"end":{"line":121,"column":null}},"15":{"start":{"line":122,"column":0},"end":{"line":124,"column":null}},"16":{"start":{"line":123,"column":0},"end":{"line":123,"column":null}},"17":{"start":{"line":126,"column":0},"end":{"line":126,"column":null}},"18":{"start":{"line":130,"column":0},"end":{"line":130,"column":null}},"19":{"start":{"line":133,"column":0},"end":{"line":133,"column":null}},"20":{"start":{"line":134,"column":0},"end":{"line":134,"column":null}}},"fnMap":{"0":{"name":"(anonymous_1)","decl":{"start":{"line":74,"column":0},"end":{"line":74,"column":null}},"loc":{"start":{"line":74,"column":0},"end":{"line":74,"column":null}}},"1":{"name":"(anonymous_2)","decl":{"start":{"line":82,"column":0},"end":{"line":82,"column":null}},"loc":{"start":{"line":82,"column":0},"end":{"line":84,"column":null}}},"2":{"name":"(anonymous_3)","decl":{"start":{"line":85,"column":0},"end":{"line":85,"column":null}},"loc":{"start":{"line":85,"column":0},"end":{"line":87,"column":null}}},"3":{"name":"(anonymous_4)","decl":{"start":{"line":90,"column":0},"end":{"line":90,"column":null}},"loc":{"start":{"line":90,"column":0},"end":{"line":92,"column":null}}},"4":{"name":"(anonymous_5)","decl":{"start":{"line":94,"column":0},"end":{"line":94,"column":null}},"loc":{"start":{"line":94,"column":0},"end":{"line":98,"column":null}}},"5":{"name":"(anonymous_6)","decl":{"start":{"line":102,"column":0},"end":{"line":102,"column":null}},"loc":{"start":{"line":102,"column":0},"end":{"line":108,"column":null}}},"6":{"name":"(anonymous_7)","decl":{"start":{"line":110,"column":0},"end":{"line":110,"column":null}},"loc":{"start":{"line":110,"column":0},"end":{"line":112,"column":null}}},"7":{"name":"(anonymous_8)","decl":{"start":{"line":113,"column":0},"end":{"line":113,"column":null}},"loc":{"start":{"line":113,"column":0},"end":{"line":118,"column":null}}},"8":{"name":"(anonymous_9)","decl":{"start":{"line":115,"column":0},"end":{"line":115,"column":null}},"loc":{"start":{"line":115,"column":0},"end":{"line":117,"column":null}}},"9":{"name":"(anonymous_10)","decl":{"start":{"line":119,"column":0},"end":{"line":119,"column":null}},"loc":{"start":{"line":119,"column":0},"end":{"line":128,"column":null}}},"10":{"name":"(anonymous_11)","decl":{"start":{"line":129,"column":0},"end":{"line":129,"column":null}},"loc":{"start":{"line":129,"column":0},"end":{"line":131,"column":null}}},"11":{"name":"(anonymous_12)","decl":{"start":{"line":132,"column":0},"end":{"line":132,"column":null}},"loc":{"start":{"line":132,"column":0},"end":{"line":135,"column":null}}}},"branchMap":{"0":{"loc":{"start":{"line":95,"column":0},"end":{"line":97,"column":null}},"type":"if","locations":[{"start":{"line":95,"column":0},"end":{"line":97,"column":null}}]},"1":{"loc":{"start":{"line":122,"column":0},"end":{"line":124,"column":null}},"type":"if","locations":[{"start":{"line":122,"column":0},"end":{"line":124,"column":null}}]}},"s":{"0":0,"1":0,"2":0,"3":0,"4":0,"5":0,"6":0,"7":0,"8":0,"9":0,"10":0,"11":0,"12":0,"13":0,"14":0,"15":0,"16":0,"17":0,"18":0,"19":0,"20":0},"f":{"0":0,"1":0,"2":0,"3":0,"4":0,"5":0,"6":0,"7":0,"8":0,"9":0,"10":0,"11":0},"b":{"0":[0],"1":[0]}}
,"F:\\training-gumi-fe\\training-vue\\wolmart\\src\\pages\\Cart\\index.vue": {"path":"F:\\training-gumi-fe\\training-vue\\wolmart\\src\\pages\\Cart\\index.vue","statementMap":{"0":{"start":{"line":145,"column":0},"end":{"line":145,"column":null}},"1":{"start":{"line":148,"column":0},"end":{"line":148,"column":null}},"2":{"start":{"line":153,"column":0},"end":{"line":155,"column":null}},"3":{"start":{"line":154,"column":0},"end":{"line":154,"column":null}},"4":{"start":{"line":156,"column":0},"end":{"line":156,"column":null}},"5":{"start":{"line":159,"column":0},"end":{"line":161,"column":null}},"6":{"start":{"line":160,"column":0},"end":{"line":160,"column":null}},"7":{"start":{"line":162,"column":0},"end":{"line":162,"column":null}},"8":{"start":{"line":165,"column":0},"end":{"line":165,"column":null}},"9":{"start":{"line":166,"column":0},"end":{"line":180,"column":null}},"10":{"start":{"line":167,"column":0},"end":{"line":167,"column":null}},"11":{"start":{"line":174,"column":0},"end":{"line":174,"column":null}}},"fnMap":{"0":{"name":"(anonymous_1)","decl":{"start":{"line":148,"column":0},"end":{"line":148,"column":null}},"loc":{"start":{"line":148,"column":0},"end":{"line":148,"column":null}}},"1":{"name":"(anonymous_2)","decl":{"start":{"line":152,"column":0},"end":{"line":152,"column":null}},"loc":{"start":{"line":152,"column":0},"end":{"line":157,"column":null}}},"2":{"name":"(anonymous_3)","decl":{"start":{"line":158,"column":0},"end":{"line":158,"column":null}},"loc":{"start":{"line":158,"column":0},"end":{"line":163,"column":null}}},"3":{"name":"(anonymous_4)","decl":{"start":{"line":164,"column":0},"end":{"line":164,"column":null}},"loc":{"start":{"line":164,"column":0},"end":{"line":181,"column":null}}}},"branchMap":{"0":{"loc":{"start":{"line":153,"column":0},"end":{"line":155,"column":null}},"type":"if","locations":[{"start":{"line":153,"column":0},"end":{"line":155,"column":null}}]},"1":{"loc":{"start":{"line":159,"column":0},"end":{"line":161,"column":null}},"type":"if","locations":[{"start":{"line":159,"column":0},"end":{"line":161,"column":null}}]},"2":{"loc":{"start":{"line":166,"column":0},"end":{"line":180,"column":null}},"type":"if","locations":[{"start":{"line":166,"column":0},"end":{"line":180,"column":null}},{"start":{"line":173,"column":0},"end":{"line":180,"column":null}}]}},"s":{"0":0,"1":0,"2":0,"3":0,"4":0,"5":0,"6":0,"7":0,"8":0,"9":0,"10":0,"11":0},"f":{"0":0,"1":0,"2":0,"3":0},"b":{"0":[0],"1":[0],"2":[0,0]}}
,"F:\\training-gumi-fe\\training-vue\\wolmart\\src\\pages\\Cart\\CartEmpty\\index.vue": {"path":"F:\\training-gumi-fe\\training-vue\\wolmart\\src\\pages\\Cart\\CartEmpty\\index.vue","statementMap":{"0":{"start":{"line":14,"column":0},"end":{"line":14,"column":null}},"1":{"start":{"line":19,"column":0},"end":{"line":19,"column":null}}},"fnMap":{"0":{"name":"(anonymous_1)","decl":{"start":{"line":18,"column":0},"end":{"line":18,"column":null}},"loc":{"start":{"line":18,"column":0},"end":{"line":20,"column":null}}}},"branchMap":{},"s":{"0":0,"1":0},"f":{"0":0},"b":{}}
,"F:\\training-gumi-fe\\training-vue\\wolmart\\src\\pages\\Cart\\CheckOut\\index.vue": {"path":"F:\\training-gumi-fe\\training-vue\\wolmart\\src\\pages\\Cart\\CheckOut\\index.vue","statementMap":{"0":{"start":{"line":91,"column":0},"end":{"line":91,"column":null}},"1":{"start":{"line":95,"column":0},"end":{"line":95,"column":null}},"2":{"start":{"line":101,"column":0},"end":{"line":103,"column":null}},"3":{"start":{"line":102,"column":0},"end":{"line":102,"column":null}},"4":{"start":{"line":107,"column":0},"end":{"line":107,"column":null}}},"fnMap":{"0":{"name":"(anonymous_1)","decl":{"start":{"line":94,"column":0},"end":{"line":94,"column":null}},"loc":{"start":{"line":94,"column":0},"end":{"line":98,"column":null}}},"1":{"name":"(anonymous_2)","decl":{"start":{"line":100,"column":0},"end":{"line":100,"column":null}},"loc":{"start":{"line":100,"column":0},"end":{"line":104,"column":null}}},"2":{"name":"(anonymous_3)","decl":{"start":{"line":106,"column":0},"end":{"line":106,"column":null}},"loc":{"start":{"line":106,"column":0},"end":{"line":108,"column":null}}}},"branchMap":{"0":{"loc":{"start":{"line":101,"column":0},"end":{"line":103,"column":null}},"type":"if","locations":[{"start":{"line":101,"column":0},"end":{"line":103,"column":null}}]}},"s":{"0":0,"1":0,"2":0,"3":0,"4":0},"f":{"0":0,"1":0,"2":0},"b":{"0":[0]}}
,"F:\\training-gumi-fe\\training-vue\\wolmart\\src\\pages\\Home\\home.vue": {"path":"F:\\training-gumi-fe\\training-vue\\wolmart\\src\\pages\\Home\\home.vue","statementMap":{"0":{"start":{"line":21,"column":0},"end":{"line":21,"column":null}},"1":{"start":{"line":22,"column":0},"end":{"line":22,"column":null}},"2":{"start":{"line":23,"column":0},"end":{"line":23,"column":null}},"3":{"start":{"line":24,"column":0},"end":{"line":24,"column":null}},"4":{"start":{"line":25,"column":0},"end":{"line":25,"column":null}},"5":{"start":{"line":26,"column":0},"end":{"line":26,"column":null}},"6":{"start":{"line":27,"column":0},"end":{"line":27,"column":null}},"7":{"start":{"line":32,"column":0},"end":{"line":32,"column":null}},"8":{"start":{"line":46,"column":0},"end":{"line":46,"column":null}},"9":{"start":{"line":50,"column":0},"end":{"line":50,"column":null}},"10":{"start":{"line":55,"column":0},"end":{"line":65,"column":null}},"11":{"start":{"line":56,"column":0},"end":{"line":56,"column":null}},"12":{"start":{"line":57,"column":0},"end":{"line":57,"column":null}},"13":{"start":{"line":58,"column":0},"end":{"line":60,"column":null}},"14":{"start":{"line":59,"column":0},"end":{"line":59,"column":null}},"15":{"start":{"line":62,"column":0},"end":{"line":62,"column":null}},"16":{"start":{"line":64,"column":0},"end":{"line":64,"column":null}}},"fnMap":{"0":{"name":"(anonymous_1)","decl":{"start":{"line":31,"column":0},"end":{"line":31,"column":null}},"loc":{"start":{"line":31,"column":0},"end":{"line":35,"column":null}}},"1":{"name":"(anonymous_2)","decl":{"start":{"line":45,"column":0},"end":{"line":45,"column":null}},"loc":{"start":{"line":45,"column":0},"end":{"line":47,"column":null}}},"2":{"name":"(anonymous_3)","decl":{"start":{"line":49,"column":0},"end":{"line":49,"column":null}},"loc":{"start":{"line":49,"column":0},"end":{"line":51,"column":null}}},"3":{"name":"(anonymous_4)","decl":{"start":{"line":54,"column":0},"end":{"line":54,"column":null}},"loc":{"start":{"line":54,"column":0},"end":{"line":66,"column":null}}}},"branchMap":{"0":{"loc":{"start":{"line":58,"column":0},"end":{"line":60,"column":null}},"type":"if","locations":[{"start":{"line":58,"column":0},"end":{"line":60,"column":null}}]}},"s":{"0":0,"1":0,"2":0,"3":0,"4":0,"5":0,"6":0,"7":0,"8":0,"9":0,"10":0,"11":0,"12":0,"13":0,"14":0,"15":0,"16":0},"f":{"0":0,"1":0,"2":0,"3":0},"b":{"0":[0]}}
,"F:\\training-gumi-fe\\training-vue\\wolmart\\src\\pages\\Home\\components\\HomeSkeleton.vue": {"path":"F:\\training-gumi-fe\\training-vue\\wolmart\\src\\pages\\Home\\components\\HomeSkeleton.vue","statementMap":{"0":{"start":{"line":21,"column":0},"end":{"line":21,"column":null}}},"fnMap":{},"branchMap":{},"s":{"0":0},"f":{},"b":{}}
,"F:\\training-gumi-fe\\training-vue\\wolmart\\src\\pages\\Home\\components\\Banner\\Banner.vue": {"path":"F:\\training-gumi-fe\\training-vue\\wolmart\\src\\pages\\Home\\components\\Banner\\Banner.vue","statementMap":{"0":{"start":{"line":16,"column":0},"end":{"line":16,"column":null}},"1":{"start":{"line":17,"column":0},"end":{"line":17,"column":null}},"2":{"start":{"line":21,"column":0},"end":{"line":21,"column":null}}},"fnMap":{"0":{"name":"(anonymous_1)","decl":{"start":{"line":20,"column":0},"end":{"line":20,"column":null}},"loc":{"start":{"line":20,"column":0},"end":{"line":22,"column":null}}}},"branchMap":{},"s":{"0":0,"1":0,"2":0},"f":{"0":0},"b":{}}
,"F:\\training-gumi-fe\\training-vue\\wolmart\\src\\pages\\Home\\components\\Banner\\banner-box-list.vue": {"path":"F:\\training-gumi-fe\\training-vue\\wolmart\\src\\pages\\Home\\components\\Banner\\banner-box-list.vue","statementMap":{"0":{"start":{"line":17,"column":0},"end":{"line":17,"column":null}}},"fnMap":{"0":{"name":"(anonymous_1)","decl":{"start":{"line":16,"column":0},"end":{"line":16,"column":null}},"loc":{"start":{"line":16,"column":0},"end":{"line":41,"column":null}}}},"branchMap":{},"s":{"0":0},"f":{"0":0},"b":{}}
,"F:\\training-gumi-fe\\training-vue\\wolmart\\src\\pages\\Home\\components\\Brand\\Brand.vue": {"path":"F:\\training-gumi-fe\\training-vue\\wolmart\\src\\pages\\Home\\components\\Brand\\Brand.vue","statementMap":{"0":{"start":{"line":24,"column":0},"end":{"line":24,"column":null}}},"fnMap":{"0":{"name":"(anonymous_1)","decl":{"start":{"line":23,"column":0},"end":{"line":23,"column":null}},"loc":{"start":{"line":23,"column":0},"end":{"line":40,"column":null}}}},"branchMap":{},"s":{"0":0},"f":{"0":0},"b":{}}
,"F:\\training-gumi-fe\\training-vue\\wolmart\\src\\pages\\Home\\components\\CategoryProductList\\index.vue": {"path":"F:\\training-gumi-fe\\training-vue\\wolmart\\src\\pages\\Home\\components\\CategoryProductList\\index.vue","statementMap":{"0":{"start":{"line":48,"column":0},"end":{"line":48,"column":null}},"1":{"start":{"line":49,"column":0},"end":{"line":49,"column":null}},"2":{"start":{"line":50,"column":0},"end":{"line":50,"column":null}},"3":{"start":{"line":51,"column":0},"end":{"line":51,"column":null}},"4":{"start":{"line":57,"column":0},"end":{"line":57,"column":null}},"5":{"start":{"line":68,"column":0},"end":{"line":68,"column":null}},"6":{"start":{"line":72,"column":0},"end":{"line":72,"column":null}},"7":{"start":{"line":78,"column":0},"end":{"line":88,"column":null}},"8":{"start":{"line":79,"column":0},"end":{"line":79,"column":null}},"9":{"start":{"line":80,"column":0},"end":{"line":80,"column":null}},"10":{"start":{"line":81,"column":0},"end":{"line":83,"column":null}},"11":{"start":{"line":82,"column":0},"end":{"line":82,"column":null}},"12":{"start":{"line":85,"column":0},"end":{"line":85,"column":null}},"13":{"start":{"line":87,"column":0},"end":{"line":87,"column":null}}},"fnMap":{"0":{"name":"(anonymous_1)","decl":{"start":{"line":56,"column":0},"end":{"line":56,"column":null}},"loc":{"start":{"line":56,"column":0},"end":{"line":63,"column":null}}},"1":{"name":"(anonymous_2)","decl":{"start":{"line":67,"column":0},"end":{"line":67,"column":null}},"loc":{"start":{"line":67,"column":0},"end":{"line":69,"column":null}}},"2":{"name":"(anonymous_3)","decl":{"start":{"line":71,"column":0},"end":{"line":71,"column":null}},"loc":{"start":{"line":71,"column":0},"end":{"line":73,"column":null}}},"3":{"name":"(anonymous_4)","decl":{"start":{"line":72,"column":0},"end":{"line":72,"column":null}},"loc":{"start":{"line":72,"column":0},"end":{"line":72,"column":null}}},"4":{"name":"(anonymous_5)","decl":{"start":{"line":76,"column":0},"end":{"line":76,"column":null}},"loc":{"start":{"line":76,"column":0},"end":{"line":89,"column":null}}}},"branchMap":{"0":{"loc":{"start":{"line":81,"column":0},"end":{"line":83,"column":null}},"type":"if","locations":[{"start":{"line":81,"column":0},"end":{"line":83,"column":null}}]}},"s":{"0":0,"1":0,"2":0,"3":0,"4":0,"5":0,"6":0,"7":0,"8":0,"9":0,"10":0,"11":0,"12":0,"13":0},"f":{"0":0,"1":0,"2":0,"3":0,"4":0},"b":{"0":[0]}}
,"F:\\training-gumi-fe\\training-vue\\wolmart\\src\\pages\\Home\\components\\TopCategories\\index.vue": {"path":"F:\\training-gumi-fe\\training-vue\\wolmart\\src\\pages\\Home\\components\\TopCategories\\index.vue","statementMap":{"0":{"start":{"line":28,"column":0},"end":{"line":28,"column":null}},"1":{"start":{"line":33,"column":0},"end":{"line":33,"column":null}},"2":{"start":{"line":46,"column":0},"end":{"line":46,"column":null}}},"fnMap":{"0":{"name":"(anonymous_1)","decl":{"start":{"line":32,"column":0},"end":{"line":32,"column":null}},"loc":{"start":{"line":32,"column":0},"end":{"line":43,"column":null}}},"1":{"name":"(anonymous_2)","decl":{"start":{"line":45,"column":0},"end":{"line":45,"column":null}},"loc":{"start":{"line":45,"column":0},"end":{"line":47,"column":null}}}},"branchMap":{},"s":{"0":0,"1":0,"2":0},"f":{"0":0,"1":0},"b":{}}
,"F:\\training-gumi-fe\\training-vue\\wolmart\\src\\pages\\Login\\index.vue": {"path":"F:\\training-gumi-fe\\training-vue\\wolmart\\src\\pages\\Login\\index.vue","statementMap":{"0":{"start":{"line":87,"column":0},"end":{"line":87,"column":null}},"1":{"start":{"line":88,"column":0},"end":{"line":88,"column":null}},"2":{"start":{"line":89,"column":0},"end":{"line":89,"column":null}},"3":{"start":{"line":90,"column":0},"end":{"line":90,"column":null}},"4":{"start":{"line":95,"column":0},"end":{"line":95,"column":null}},"5":{"start":{"line":106,"column":0},"end":{"line":115,"column":null}},"6":{"start":{"line":107,"column":0},"end":{"line":107,"column":null}},"7":{"start":{"line":108,"column":0},"end":{"line":112,"column":null}},"8":{"start":{"line":109,"column":0},"end":{"line":109,"column":null}},"9":{"start":{"line":110,"column":0},"end":{"line":110,"column":null}},"10":{"start":{"line":111,"column":0},"end":{"line":111,"column":null}},"11":{"start":{"line":114,"column":0},"end":{"line":114,"column":null}}},"fnMap":{"0":{"name":"(anonymous_1)","decl":{"start":{"line":94,"column":0},"end":{"line":94,"column":null}},"loc":{"start":{"line":94,"column":0},"end":{"line":103,"column":null}}},"1":{"name":"(anonymous_2)","decl":{"start":{"line":105,"column":0},"end":{"line":105,"column":null}},"loc":{"start":{"line":105,"column":0},"end":{"line":116,"column":null}}}},"branchMap":{"0":{"loc":{"start":{"line":108,"column":0},"end":{"line":112,"column":null}},"type":"if","locations":[{"start":{"line":108,"column":0},"end":{"line":112,"column":null}}]}},"s":{"0":1,"1":1,"2":1,"3":1,"4":3,"5":0,"6":0,"7":0,"8":0,"9":0,"10":0,"11":0},"f":{"0":3,"1":0},"b":{"0":[0]}}
,"F:\\training-gumi-fe\\training-vue\\wolmart\\src\\pages\\Products\\index.vue": {"path":"F:\\training-gumi-fe\\training-vue\\wolmart\\src\\pages\\Products\\index.vue","statementMap":{"0":{"start":{"line":27,"column":0},"end":{"line":27,"column":null}},"1":{"start":{"line":28,"column":0},"end":{"line":28,"column":null}},"2":{"start":{"line":29,"column":0},"end":{"line":29,"column":null}},"3":{"start":{"line":30,"column":0},"end":{"line":30,"column":null}},"4":{"start":{"line":31,"column":0},"end":{"line":31,"column":null}},"5":{"start":{"line":32,"column":0},"end":{"line":32,"column":null}},"6":{"start":{"line":33,"column":0},"end":{"line":33,"column":null}},"7":{"start":{"line":46,"column":0},"end":{"line":46,"column":null}},"8":{"start":{"line":54,"column":0},"end":{"line":54,"column":null}},"9":{"start":{"line":58,"column":0},"end":{"line":58,"column":null}},"10":{"start":{"line":63,"column":0},"end":{"line":78,"column":null}},"11":{"start":{"line":64,"column":0},"end":{"line":64,"column":null}},"12":{"start":{"line":65,"column":0},"end":{"line":65,"column":null}},"13":{"start":{"line":66,"column":0},"end":{"line":66,"column":null}},"14":{"start":{"line":67,"column":0},"end":{"line":67,"column":null}},"15":{"start":{"line":69,"column":0},"end":{"line":73,"column":null}},"16":{"start":{"line":70,"column":0},"end":{"line":70,"column":null}},"17":{"start":{"line":71,"column":0},"end":{"line":71,"column":null}},"18":{"start":{"line":72,"column":0},"end":{"line":72,"column":null}},"19":{"start":{"line":75,"column":0},"end":{"line":75,"column":null}},"20":{"start":{"line":77,"column":0},"end":{"line":77,"column":null}}},"fnMap":{"0":{"name":"(anonymous_1)","decl":{"start":{"line":45,"column":0},"end":{"line":45,"column":null}},"loc":{"start":{"line":45,"column":0},"end":{"line":52,"column":null}}},"1":{"name":"(anonymous_2)","decl":{"start":{"line":53,"column":0},"end":{"line":53,"column":null}},"loc":{"start":{"line":53,"column":0},"end":{"line":55,"column":null}}},"2":{"name":"(anonymous_3)","decl":{"start":{"line":57,"column":0},"end":{"line":57,"column":null}},"loc":{"start":{"line":57,"column":0},"end":{"line":59,"column":null}}},"3":{"name":"(anonymous_4)","decl":{"start":{"line":62,"column":0},"end":{"line":62,"column":null}},"loc":{"start":{"line":62,"column":0},"end":{"line":79,"column":null}}}},"branchMap":{"0":{"loc":{"start":{"line":66,"column":0},"end":{"line":66,"column":null}},"type":"binary-expr","locations":[{"start":{"line":66,"column":0},"end":{"line":66,"column":null}},{"start":{"line":66,"column":0},"end":{"line":66,"column":null}}]},"1":{"loc":{"start":{"line":69,"column":0},"end":{"line":73,"column":null}},"type":"if","locations":[{"start":{"line":69,"column":0},"end":{"line":73,"column":null}}]}},"s":{"0":0,"1":0,"2":0,"3":0,"4":0,"5":0,"6":0,"7":0,"8":0,"9":0,"10":0,"11":0,"12":0,"13":0,"14":0,"15":0,"16":0,"17":0,"18":0,"19":0,"20":0},"f":{"0":0,"1":0,"2":0,"3":0},"b":{"0":[0,0],"1":[0]}}
,"F:\\training-gumi-fe\\training-vue\\wolmart\\src\\pages\\Products\\components\\category-list.vue": {"path":"F:\\training-gumi-fe\\training-vue\\wolmart\\src\\pages\\Products\\components\\category-list.vue","statementMap":{"0":{"start":{"line":35,"column":0},"end":{"line":35,"column":null}},"1":{"start":{"line":36,"column":0},"end":{"line":36,"column":null}},"2":{"start":{"line":37,"column":0},"end":{"line":37,"column":null}},"3":{"start":{"line":43,"column":0},"end":{"line":43,"column":null}},"4":{"start":{"line":49,"column":0},"end":{"line":49,"column":null}},"5":{"start":{"line":53,"column":0},"end":{"line":60,"column":null}},"6":{"start":{"line":54,"column":0},"end":{"line":54,"column":null}},"7":{"start":{"line":55,"column":0},"end":{"line":57,"column":null}},"8":{"start":{"line":56,"column":0},"end":{"line":56,"column":null}},"9":{"start":{"line":59,"column":0},"end":{"line":59,"column":null}}},"fnMap":{"0":{"name":"(anonymous_1)","decl":{"start":{"line":42,"column":0},"end":{"line":42,"column":null}},"loc":{"start":{"line":42,"column":0},"end":{"line":47,"column":null}}},"1":{"name":"(anonymous_2)","decl":{"start":{"line":48,"column":0},"end":{"line":48,"column":null}},"loc":{"start":{"line":48,"column":0},"end":{"line":50,"column":null}}},"2":{"name":"(anonymous_3)","decl":{"start":{"line":52,"column":0},"end":{"line":52,"column":null}},"loc":{"start":{"line":52,"column":0},"end":{"line":61,"column":null}}}},"branchMap":{"0":{"loc":{"start":{"line":55,"column":0},"end":{"line":57,"column":null}},"type":"if","locations":[{"start":{"line":55,"column":0},"end":{"line":57,"column":null}}]}},"s":{"0":0,"1":0,"2":0,"3":0,"4":0,"5":0,"6":0,"7":0,"8":0,"9":0},"f":{"0":0,"1":0,"2":0},"b":{"0":[0]}}
,"F:\\training-gumi-fe\\training-vue\\wolmart\\src\\pages\\Products\\components\\product-filter.vue": {"path":"F:\\training-gumi-fe\\training-vue\\wolmart\\src\\pages\\Products\\components\\product-filter.vue","statementMap":{"0":{"start":{"line":28,"column":0},"end":{"line":28,"column":null}},"1":{"start":{"line":34,"column":0},"end":{"line":34,"column":null}},"2":{"start":{"line":36,"column":0},"end":{"line":36,"column":null}},"3":{"start":{"line":37,"column":0},"end":{"line":37,"column":null}},"4":{"start":{"line":43,"column":0},"end":{"line":43,"column":null}},"5":{"start":{"line":45,"column":0},"end":{"line":45,"column":null}},"6":{"start":{"line":46,"column":0},"end":{"line":46,"column":null}},"7":{"start":{"line":52,"column":0},"end":{"line":52,"column":null}},"8":{"start":{"line":54,"column":0},"end":{"line":54,"column":null}}},"fnMap":{"0":{"name":"(anonymous_1)","decl":{"start":{"line":27,"column":0},"end":{"line":27,"column":null}},"loc":{"start":{"line":27,"column":0},"end":{"line":31,"column":null}}},"1":{"name":"(anonymous_2)","decl":{"start":{"line":33,"column":0},"end":{"line":33,"column":null}},"loc":{"start":{"line":33,"column":0},"end":{"line":56,"column":null}}}},"branchMap":{"0":{"loc":{"start":{"line":34,"column":0},"end":{"line":34,"column":null}},"type":"switch","locations":[{"start":{"line":35,"column":0},"end":{"line":43,"column":null}},{"start":{"line":44,"column":0},"end":{"line":52,"column":null}},{"start":{"line":53,"column":0},"end":{"line":54,"column":null}}]}},"s":{"0":0,"1":0,"2":0,"3":0,"4":0,"5":0,"6":0,"7":0,"8":0},"f":{"0":0,"1":0},"b":{"0":[0,0,0]}}
,"F:\\training-gumi-fe\\training-vue\\wolmart\\src\\pages\\Products\\components\\product-list.vue": {"path":"F:\\training-gumi-fe\\training-vue\\wolmart\\src\\pages\\Products\\components\\product-list.vue","statementMap":{"0":{"start":{"line":41,"column":0},"end":{"line":41,"column":null}}},"fnMap":{},"branchMap":{},"s":{"0":0},"f":{},"b":{}}
,"F:\\training-gumi-fe\\training-vue\\wolmart\\src\\pages\\Products\\components\\ProductDetail\\index.vue": {"path":"F:\\training-gumi-fe\\training-vue\\wolmart\\src\\pages\\Products\\components\\ProductDetail\\index.vue","statementMap":{"0":{"start":{"line":40,"column":0},"end":{"line":40,"column":null}},"1":{"start":{"line":41,"column":0},"end":{"line":41,"column":null}},"2":{"start":{"line":42,"column":0},"end":{"line":42,"column":null}},"3":{"start":{"line":43,"column":0},"end":{"line":43,"column":null}},"4":{"start":{"line":44,"column":0},"end":{"line":44,"column":null}},"5":{"start":{"line":45,"column":0},"end":{"line":45,"column":null}},"6":{"start":{"line":50,"column":0},"end":{"line":50,"column":null}},"7":{"start":{"line":68,"column":0},"end":{"line":68,"column":null}},"8":{"start":{"line":73,"column":0},"end":{"line":86,"column":null}},"9":{"start":{"line":74,"column":0},"end":{"line":74,"column":null}},"10":{"start":{"line":75,"column":0},"end":{"line":75,"column":null}},"11":{"start":{"line":76,"column":0},"end":{"line":76,"column":null}},"12":{"start":{"line":77,"column":0},"end":{"line":81,"column":null}},"13":{"start":{"line":78,"column":0},"end":{"line":78,"column":null}},"14":{"start":{"line":80,"column":0},"end":{"line":80,"column":null}},"15":{"start":{"line":83,"column":0},"end":{"line":83,"column":null}},"16":{"start":{"line":85,"column":0},"end":{"line":85,"column":null}},"17":{"start":{"line":90,"column":0},"end":{"line":102,"column":null}},"18":{"start":{"line":91,"column":0},"end":{"line":91,"column":null}},"19":{"start":{"line":92,"column":0},"end":{"line":92,"column":null}},"20":{"start":{"line":95,"column":0},"end":{"line":97,"column":null}},"21":{"start":{"line":96,"column":0},"end":{"line":96,"column":null}},"22":{"start":{"line":99,"column":0},"end":{"line":99,"column":null}},"23":{"start":{"line":101,"column":0},"end":{"line":101,"column":null}},"24":{"start":{"line":107,"column":0},"end":{"line":107,"column":null}},"25":{"start":{"line":108,"column":0},"end":{"line":108,"column":null}}},"fnMap":{"0":{"name":"(anonymous_1)","decl":{"start":{"line":49,"column":0},"end":{"line":49,"column":null}},"loc":{"start":{"line":49,"column":0},"end":{"line":59,"column":null}}},"1":{"name":"(anonymous_2)","decl":{"start":{"line":67,"column":0},"end":{"line":67,"column":null}},"loc":{"start":{"line":67,"column":0},"end":{"line":69,"column":null}}},"2":{"name":"(anonymous_3)","decl":{"start":{"line":72,"column":0},"end":{"line":72,"column":null}},"loc":{"start":{"line":72,"column":0},"end":{"line":87,"column":null}}},"3":{"name":"(anonymous_4)","decl":{"start":{"line":89,"column":0},"end":{"line":89,"column":null}},"loc":{"start":{"line":89,"column":0},"end":{"line":103,"column":null}}},"4":{"name":"(anonymous_5)","decl":{"start":{"line":96,"column":0},"end":{"line":96,"column":null}},"loc":{"start":{"line":96,"column":0},"end":{"line":96,"column":null}}},"5":{"name":"(anonymous_6)","decl":{"start":{"line":106,"column":0},"end":{"line":106,"column":null}},"loc":{"start":{"line":106,"column":0},"end":{"line":109,"column":null}}}},"branchMap":{"0":{"loc":{"start":{"line":77,"column":0},"end":{"line":81,"column":null}},"type":"if","locations":[{"start":{"line":77,"column":0},"end":{"line":81,"column":null}}]},"1":{"loc":{"start":{"line":95,"column":0},"end":{"line":97,"column":null}},"type":"if","locations":[{"start":{"line":95,"column":0},"end":{"line":97,"column":null}}]}},"s":{"0":0,"1":0,"2":0,"3":0,"4":0,"5":0,"6":0,"7":0,"8":0,"9":0,"10":0,"11":0,"12":0,"13":0,"14":0,"15":0,"16":0,"17":0,"18":0,"19":0,"20":0,"21":0,"22":0,"23":0,"24":0,"25":0},"f":{"0":0,"1":0,"2":0,"3":0,"4":0,"5":0},"b":{"0":[0],"1":[0]}}
,"F:\\training-gumi-fe\\training-vue\\wolmart\\src\\pages\\Products\\components\\ProductDetail\\components\\DescriptionTabs\\index.vue": {"path":"F:\\training-gumi-fe\\training-vue\\wolmart\\src\\pages\\Products\\components\\ProductDetail\\components\\DescriptionTabs\\index.vue","statementMap":{"0":{"start":{"line":105,"column":0},"end":{"line":105,"column":null}},"1":{"start":{"line":106,"column":0},"end":{"line":106,"column":null}},"2":{"start":{"line":110,"column":0},"end":{"line":110,"column":null}}},"fnMap":{"0":{"name":"(anonymous_1)","decl":{"start":{"line":109,"column":0},"end":{"line":109,"column":null}},"loc":{"start":{"line":109,"column":0},"end":{"line":116,"column":null}}}},"branchMap":{},"s":{"0":0,"1":0,"2":0},"f":{"0":0},"b":{}}
,"F:\\training-gumi-fe\\training-vue\\wolmart\\src\\pages\\Products\\components\\ProductDetail\\components\\ProductInfo\\index.vue": {"path":"F:\\training-gumi-fe\\training-vue\\wolmart\\src\\pages\\Products\\components\\ProductDetail\\components\\ProductInfo\\index.vue","statementMap":{"0":{"start":{"line":73,"column":0},"end":{"line":73,"column":null}},"1":{"start":{"line":74,"column":0},"end":{"line":74,"column":null}},"2":{"start":{"line":76,"column":0},"end":{"line":76,"column":null}},"3":{"start":{"line":80,"column":0},"end":{"line":80,"column":null}},"4":{"start":{"line":91,"column":0},"end":{"line":93,"column":null}},"5":{"start":{"line":92,"column":0},"end":{"line":92,"column":null}},"6":{"start":{"line":94,"column":0},"end":{"line":94,"column":null}},"7":{"start":{"line":97,"column":0},"end":{"line":99,"column":null}},"8":{"start":{"line":98,"column":0},"end":{"line":98,"column":null}},"9":{"start":{"line":100,"column":0},"end":{"line":100,"column":null}}},"fnMap":{"0":{"name":"(anonymous_1)","decl":{"start":{"line":80,"column":0},"end":{"line":80,"column":null}},"loc":{"start":{"line":80,"column":0},"end":{"line":80,"column":null}}},"1":{"name":"(anonymous_2)","decl":{"start":{"line":90,"column":0},"end":{"line":90,"column":null}},"loc":{"start":{"line":90,"column":0},"end":{"line":95,"column":null}}},"2":{"name":"(anonymous_3)","decl":{"start":{"line":96,"column":0},"end":{"line":96,"column":null}},"loc":{"start":{"line":96,"column":0},"end":{"line":101,"column":null}}}},"branchMap":{"0":{"loc":{"start":{"line":91,"column":0},"end":{"line":93,"column":null}},"type":"if","locations":[{"start":{"line":91,"column":0},"end":{"line":93,"column":null}}]},"1":{"loc":{"start":{"line":97,"column":0},"end":{"line":99,"column":null}},"type":"if","locations":[{"start":{"line":97,"column":0},"end":{"line":99,"column":null}}]}},"s":{"0":0,"1":0,"2":0,"3":0,"4":0,"5":0,"6":0,"7":0,"8":0,"9":0},"f":{"0":0,"1":0,"2":0},"b":{"0":[0],"1":[0]}}
,"F:\\training-gumi-fe\\training-vue\\wolmart\\src\\pages\\Products\\components\\ProductDetail\\components\\ProductSidebar\\index.vue": {"path":"F:\\training-gumi-fe\\training-vue\\wolmart\\src\\pages\\Products\\components\\ProductDetail\\components\\ProductSidebar\\index.vue","statementMap":{"0":{"start":{"line":36,"column":0},"end":{"line":36,"column":null}},"1":{"start":{"line":37,"column":0},"end":{"line":37,"column":null}}},"fnMap":{},"branchMap":{},"s":{"0":0,"1":0},"f":{},"b":{}}
,"F:\\training-gumi-fe\\training-vue\\wolmart\\src\\pages\\Products\\components\\ProductDetail\\components\\RelatedProducts\\index.vue": {"path":"F:\\training-gumi-fe\\training-vue\\wolmart\\src\\pages\\Products\\components\\ProductDetail\\components\\RelatedProducts\\index.vue","statementMap":{"0":{"start":{"line":27,"column":0},"end":{"line":27,"column":null}},"1":{"start":{"line":28,"column":0},"end":{"line":28,"column":null}}},"fnMap":{},"branchMap":{},"s":{"0":0,"1":0},"f":{},"b":{}}
,"F:\\training-gumi-fe\\training-vue\\wolmart\\src\\pages\\Products\\components\\ProductDetail\\components\\Sidebar\\Sidebar.vue": {"path":"F:\\training-gumi-fe\\training-vue\\wolmart\\src\\pages\\Products\\components\\ProductDetail\\components\\Sidebar\\Sidebar.vue","statementMap":{"0":{"start":{"line":55,"column":0},"end":{"line":55,"column":null}},"1":{"start":{"line":56,"column":0},"end":{"line":56,"column":null}},"2":{"start":{"line":60,"column":0},"end":{"line":60,"column":null}}},"fnMap":{"0":{"name":"(anonymous_1)","decl":{"start":{"line":59,"column":0},"end":{"line":59,"column":null}},"loc":{"start":{"line":59,"column":0},"end":{"line":79,"column":null}}}},"branchMap":{},"s":{"0":0,"1":0,"2":0},"f":{"0":0},"b":{}}
,"F:\\training-gumi-fe\\training-vue\\wolmart\\src\\pages\\Register\\index.vue": {"path":"F:\\training-gumi-fe\\training-vue\\wolmart\\src\\pages\\Register\\index.vue","statementMap":{"0":{"start":{"line":110,"column":0},"end":{"line":110,"column":null}},"1":{"start":{"line":111,"column":0},"end":{"line":111,"column":null}},"2":{"start":{"line":117,"column":0},"end":{"line":117,"column":null}},"3":{"start":{"line":131,"column":0},"end":{"line":139,"column":null}},"4":{"start":{"line":132,"column":0},"end":{"line":132,"column":null}},"5":{"start":{"line":133,"column":0},"end":{"line":136,"column":null}},"6":{"start":{"line":134,"column":0},"end":{"line":134,"column":null}},"7":{"start":{"line":135,"column":0},"end":{"line":135,"column":null}},"8":{"start":{"line":138,"column":0},"end":{"line":138,"column":null}}},"fnMap":{"0":{"name":"(anonymous_1)","decl":{"start":{"line":116,"column":0},"end":{"line":116,"column":null}},"loc":{"start":{"line":116,"column":0},"end":{"line":128,"column":null}}},"1":{"name":"(anonymous_2)","decl":{"start":{"line":130,"column":0},"end":{"line":130,"column":null}},"loc":{"start":{"line":130,"column":0},"end":{"line":140,"column":null}}}},"branchMap":{"0":{"loc":{"start":{"line":133,"column":0},"end":{"line":136,"column":null}},"type":"if","locations":[{"start":{"line":133,"column":0},"end":{"line":136,"column":null}}]}},"s":{"0":0,"1":0,"2":0,"3":0,"4":0,"5":0,"6":0,"7":0,"8":0},"f":{"0":0,"1":0},"b":{"0":[0]}}
,"F:\\training-gumi-fe\\training-vue\\wolmart\\src\\pages\\User\\index.vue": {"path":"F:\\training-gumi-fe\\training-vue\\wolmart\\src\\pages\\User\\index.vue","statementMap":{"0":{"start":{"line":13,"column":0},"end":{"line":13,"column":null}}},"fnMap":{},"branchMap":{},"s":{"0":0},"f":{},"b":{}}
,"F:\\training-gumi-fe\\training-vue\\wolmart\\src\\pages\\User\\components\\OrderDetail.vue": {"path":"F:\\training-gumi-fe\\training-vue\\wolmart\\src\\pages\\User\\components\\OrderDetail.vue","statementMap":{"0":{"start":{"line":87,"column":0},"end":{"line":87,"column":null}},"1":{"start":{"line":88,"column":0},"end":{"line":88,"column":null}},"2":{"start":{"line":89,"column":0},"end":{"line":89,"column":null}},"3":{"start":{"line":94,"column":0},"end":{"line":94,"column":null}},"4":{"start":{"line":102,"column":0},"end":{"line":102,"column":null}},"5":{"start":{"line":103,"column":0},"end":{"line":103,"column":null}},"6":{"start":{"line":107,"column":0},"end":{"line":117,"column":null}},"7":{"start":{"line":108,"column":0},"end":{"line":108,"column":null}},"8":{"start":{"line":109,"column":0},"end":{"line":114,"column":null}},"9":{"start":{"line":110,"column":0},"end":{"line":110,"column":null}},"10":{"start":{"line":111,"column":0},"end":{"line":111,"column":null}},"11":{"start":{"line":112,"column":0},"end":{"line":112,"column":null}},"12":{"start":{"line":113,"column":0},"end":{"line":113,"column":null}},"13":{"start":{"line":116,"column":0},"end":{"line":116,"column":null}},"14":{"start":{"line":120,"column":0},"end":{"line":127,"column":null}},"15":{"start":{"line":121,"column":0},"end":{"line":121,"column":null}},"16":{"start":{"line":122,"column":0},"end":{"line":124,"column":null}},"17":{"start":{"line":123,"column":0},"end":{"line":123,"column":null}},"18":{"start":{"line":126,"column":0},"end":{"line":126,"column":null}}},"fnMap":{"0":{"name":"(anonymous_1)","decl":{"start":{"line":93,"column":0},"end":{"line":93,"column":null}},"loc":{"start":{"line":93,"column":0},"end":{"line":100,"column":null}}},"1":{"name":"(anonymous_2)","decl":{"start":{"line":101,"column":0},"end":{"line":101,"column":null}},"loc":{"start":{"line":101,"column":0},"end":{"line":104,"column":null}}},"2":{"name":"(anonymous_3)","decl":{"start":{"line":106,"column":0},"end":{"line":106,"column":null}},"loc":{"start":{"line":106,"column":0},"end":{"line":118,"column":null}}},"3":{"name":"(anonymous_4)","decl":{"start":{"line":112,"column":0},"end":{"line":112,"column":null}},"loc":{"start":{"line":112,"column":0},"end":{"line":112,"column":null}}},"4":{"name":"(anonymous_5)","decl":{"start":{"line":119,"column":0},"end":{"line":119,"column":null}},"loc":{"start":{"line":119,"column":0},"end":{"line":128,"column":null}}}},"branchMap":{"0":{"loc":{"start":{"line":109,"column":0},"end":{"line":114,"column":null}},"type":"if","locations":[{"start":{"line":109,"column":0},"end":{"line":114,"column":null}}]},"1":{"loc":{"start":{"line":122,"column":0},"end":{"line":124,"column":null}},"type":"if","locations":[{"start":{"line":122,"column":0},"end":{"line":124,"column":null}}]}},"s":{"0":0,"1":0,"2":0,"3":0,"4":0,"5":0,"6":0,"7":0,"8":0,"9":0,"10":0,"11":0,"12":0,"13":0,"14":0,"15":0,"16":0,"17":0,"18":0},"f":{"0":0,"1":0,"2":0,"3":0,"4":0},"b":{"0":[0],"1":[0]}}
,"F:\\training-gumi-fe\\training-vue\\wolmart\\src\\pages\\User\\components\\UserOrder.vue": {"path":"F:\\training-gumi-fe\\training-vue\\wolmart\\src\\pages\\User\\components\\UserOrder.vue","statementMap":{"0":{"start":{"line":21,"column":0},"end":{"line":21,"column":null}},"1":{"start":{"line":22,"column":0},"end":{"line":22,"column":null}},"2":{"start":{"line":23,"column":0},"end":{"line":23,"column":null}},"3":{"start":{"line":27,"column":0},"end":{"line":27,"column":null}},"4":{"start":{"line":33,"column":0},"end":{"line":33,"column":null}},"5":{"start":{"line":37,"column":0},"end":{"line":44,"column":null}},"6":{"start":{"line":38,"column":0},"end":{"line":38,"column":null}},"7":{"start":{"line":39,"column":0},"end":{"line":41,"column":null}},"8":{"start":{"line":40,"column":0},"end":{"line":40,"column":null}},"9":{"start":{"line":43,"column":0},"end":{"line":43,"column":null}}},"fnMap":{"0":{"name":"(anonymous_1)","decl":{"start":{"line":26,"column":0},"end":{"line":26,"column":null}},"loc":{"start":{"line":26,"column":0},"end":{"line":30,"column":null}}},"1":{"name":"(anonymous_2)","decl":{"start":{"line":32,"column":0},"end":{"line":32,"column":null}},"loc":{"start":{"line":32,"column":0},"end":{"line":34,"column":null}}},"2":{"name":"(anonymous_3)","decl":{"start":{"line":36,"column":0},"end":{"line":36,"column":null}},"loc":{"start":{"line":36,"column":0},"end":{"line":45,"column":null}}}},"branchMap":{"0":{"loc":{"start":{"line":39,"column":0},"end":{"line":41,"column":null}},"type":"if","locations":[{"start":{"line":39,"column":0},"end":{"line":41,"column":null}}]}},"s":{"0":0,"1":0,"2":0,"3":0,"4":0,"5":0,"6":0,"7":0,"8":0,"9":0},"f":{"0":0,"1":0,"2":0},"b":{"0":[0]}}
,"F:\\training-gumi-fe\\training-vue\\wolmart\\src\\pages\\User\\components\\UserProfile.vue": {"path":"F:\\training-gumi-fe\\training-vue\\wolmart\\src\\pages\\User\\components\\UserProfile.vue","statementMap":{"0":{"start":{"line":125,"column":0},"end":{"line":125,"column":null}},"1":{"start":{"line":126,"column":0},"end":{"line":126,"column":null}},"2":{"start":{"line":134,"column":0},"end":{"line":134,"column":null}},"3":{"start":{"line":145,"column":0},"end":{"line":145,"column":null}},"4":{"start":{"line":149,"column":0},"end":{"line":156,"column":null}},"5":{"start":{"line":150,"column":0},"end":{"line":150,"column":null}},"6":{"start":{"line":151,"column":0},"end":{"line":153,"column":null}},"7":{"start":{"line":152,"column":0},"end":{"line":152,"column":null}},"8":{"start":{"line":155,"column":0},"end":{"line":155,"column":null}},"9":{"start":{"line":159,"column":0},"end":{"line":188,"column":null}},"10":{"start":{"line":160,"column":0},"end":{"line":185,"column":null}},"11":{"start":{"line":161,"column":0},"end":{"line":161,"column":null}},"12":{"start":{"line":165,"column":0},"end":{"line":165,"column":null}},"13":{"start":{"line":166,"column":0},"end":{"line":166,"column":null}},"14":{"start":{"line":167,"column":0},"end":{"line":172,"column":null}},"15":{"start":{"line":168,"column":0},"end":{"line":168,"column":null}},"16":{"start":{"line":169,"column":0},"end":{"line":169,"column":null}},"17":{"start":{"line":174,"column":0},"end":{"line":174,"column":null}},"18":{"start":{"line":177,"column":0},"end":{"line":177,"column":null}},"19":{"start":{"line":178,"column":0},"end":{"line":178,"column":null}},"20":{"start":{"line":179,"column":0},"end":{"line":184,"column":null}},"21":{"start":{"line":180,"column":0},"end":{"line":180,"column":null}},"22":{"start":{"line":181,"column":0},"end":{"line":181,"column":null}},"23":{"start":{"line":187,"column":0},"end":{"line":187,"column":null}}},"fnMap":{"0":{"name":"(anonymous_1)","decl":{"start":{"line":133,"column":0},"end":{"line":133,"column":null}},"loc":{"start":{"line":133,"column":0},"end":{"line":143,"column":null}}},"1":{"name":"(anonymous_2)","decl":{"start":{"line":144,"column":0},"end":{"line":144,"column":null}},"loc":{"start":{"line":144,"column":0},"end":{"line":146,"column":null}}},"2":{"name":"(anonymous_3)","decl":{"start":{"line":148,"column":0},"end":{"line":148,"column":null}},"loc":{"start":{"line":148,"column":0},"end":{"line":157,"column":null}}},"3":{"name":"(anonymous_4)","decl":{"start":{"line":158,"column":0},"end":{"line":158,"column":null}},"loc":{"start":{"line":158,"column":0},"end":{"line":189,"column":null}}}},"branchMap":{"0":{"loc":{"start":{"line":151,"column":0},"end":{"line":153,"column":null}},"type":"if","locations":[{"start":{"line":151,"column":0},"end":{"line":153,"column":null}}]},"1":{"loc":{"start":{"line":160,"column":0},"end":{"line":185,"column":null}},"type":"if","locations":[{"start":{"line":160,"column":0},"end":{"line":185,"column":null}},{"start":{"line":173,"column":0},"end":{"line":185,"column":null}}]},"2":{"loc":{"start":{"line":167,"column":0},"end":{"line":172,"column":null}},"type":"if","locations":[{"start":{"line":167,"column":0},"end":{"line":172,"column":null}}]},"3":{"loc":{"start":{"line":179,"column":0},"end":{"line":184,"column":null}},"type":"if","locations":[{"start":{"line":179,"column":0},"end":{"line":184,"column":null}}]}},"s":{"0":0,"1":0,"2":0,"3":0,"4":0,"5":0,"6":0,"7":0,"8":0,"9":0,"10":0,"11":0,"12":0,"13":0,"14":0,"15":0,"16":0,"17":0,"18":0,"19":0,"20":0,"21":0,"22":0,"23":0},"f":{"0":0,"1":0,"2":0,"3":0},"b":{"0":[0],"1":[0,0],"2":[0],"3":[0]}}
}
