TN:
SF:src\components\Breadcrumb\index.vue
FN:22,(anonymous_1)
FN:29,(anonymous_2)
FN:39,(anonymous_3)
FN:45,(anonymous_4)
FNF:4
FNH:0
FNDA:0,(anonymous_1)
FNDA:0,(anonymous_2)
FNDA:0,(anonymous_3)
FNDA:0,(anonymous_4)
DA:19,0
DA:23,0
DA:30,0
DA:31,0
DA:33,0
DA:34,0
DA:39,0
DA:40,0
DA:45,0
DA:46,0
DA:47,0
LF:11
LH:0
BRDA:30,0,0,0
BRDA:33,1,0,0
BRDA:39,2,0,0
BRDA:39,2,1,0
BRDA:46,3,0,0
BRF:5
BRH:0
end_of_record
TN:
SF:src\components\Button\ButtonPrimary.vue
FN:20,(anonymous_1)
FN:25,(anonymous_2)
FN:49,(anonymous_3)
FN:59,(anonymous_4)
FNF:4
FNH:3
FNDA:4,(anonymous_1)
FNDA:4,(anonymous_2)
FNDA:3,(anonymous_3)
FNDA:0,(anonymous_4)
DA:20,4
DA:25,4
DA:50,3
DA:60,0
DA:62,0
LF:5
LH:3
BRDA:60,0,0,0
BRF:1
BRH:0
end_of_record
TN:
SF:src\components\DatePicker\index.vue
FN:51,(anonymous_1)
FN:58,(anonymous_2)
FN:61,(anonymous_3)
FNF:3
FNH:0
FNDA:0,(anonymous_1)
FNDA:0,(anonymous_2)
FNDA:0,(anonymous_3)
DA:52,0
DA:59,0
DA:62,0
LF:3
LH:0
BRF:0
BRH:0
end_of_record
TN:
SF:src\components\Footer\Footer.vue
FN:65,(anonymous_1)
FNF:1
FNH:0
FNDA:0,(anonymous_1)
DA:66,0
LF:1
LH:0
BRF:0
BRH:0
end_of_record
TN:
SF:src\components\Header\Header.vue
FN:135,(anonymous_1)
FN:148,(anonymous_2)
FN:156,(anonymous_3)
FNF:3
FNH:0
FNDA:0,(anonymous_1)
FNDA:0,(anonymous_2)
FNDA:0,(anonymous_3)
DA:121,0
DA:122,0
DA:123,0
DA:124,0
DA:125,0
DA:126,0
DA:127,0
DA:136,0
DA:149,0
DA:150,0
DA:151,0
DA:152,0
DA:153,0
DA:157,0
DA:158,0
DA:159,0
DA:160,0
DA:163,0
LF:18
LH:0
BRDA:152,0,0,0
BRDA:159,1,0,0
BRF:2
BRH:0
end_of_record
TN:
SF:src\components\Modal\index.vue
FN:42,(anonymous_1)
FN:45,(anonymous_2)
FNF:2
FNH:0
FNDA:0,(anonymous_1)
FNDA:0,(anonymous_2)
DA:43,0
DA:46,0
LF:2
LH:0
BRF:0
BRH:0
end_of_record
TN:
SF:src\components\OrderTable\OrderTable.vue
FN:35,(anonymous_1)
FNF:1
FNH:0
FNDA:0,(anonymous_1)
DA:30,0
DA:36,0
LF:2
LH:0
BRF:0
BRH:0
end_of_record
TN:
SF:src\components\Pagination\Pagination.vue
FN:33,(anonymous_1)
FN:43,(anonymous_2)
FN:44,(anonymous_3)
FN:51,(anonymous_4)
FN:58,(anonymous_5)
FN:68,(anonymous_6)
FN:79,(anonymous_7)
FNF:7
FNH:0
FNDA:0,(anonymous_1)
FNDA:0,(anonymous_2)
FNDA:0,(anonymous_3)
FNDA:0,(anonymous_4)
FNDA:0,(anonymous_5)
FNDA:0,(anonymous_6)
FNDA:0,(anonymous_7)
DA:30,0
DA:34,0
DA:44,0
DA:52,0
DA:53,0
DA:54,0
DA:59,0
DA:60,0
DA:61,0
DA:62,0
DA:63,0
DA:69,0
DA:70,0
DA:73,0
DA:74,0
DA:75,0
DA:80,0
DA:81,0
DA:82,0
LF:19
LH:0
BRDA:54,0,0,0
BRDA:54,0,1,0
BRDA:62,1,0,0
BRDA:69,2,0,0
BRF:4
BRH:0
end_of_record
TN:
SF:src\components\Product\Product.vue
FNF:0
FNH:0
DA:43,0
DA:44,0
LF:2
LH:0
BRF:0
BRH:0
end_of_record
TN:
SF:src\components\Product\ProductHome.vue
FNF:0
FNH:0
DA:38,0
DA:39,0
LF:2
LH:0
BRF:0
BRH:0
end_of_record
TN:
SF:src\components\RatingStarWithDescription\RatingStarWithDescription.vue
FNF:0
FNH:0
DA:9,0
LF:1
LH:0
BRF:0
BRH:0
end_of_record
TN:
SF:src\components\Search\index.vue
FN:74,(anonymous_1)
FN:82,(anonymous_2)
FN:85,(anonymous_3)
FN:90,(anonymous_4)
FN:94,(anonymous_5)
FN:102,(anonymous_6)
FN:110,(anonymous_7)
FN:113,(anonymous_8)
FN:115,(anonymous_9)
FN:119,(anonymous_10)
FN:129,(anonymous_11)
FN:132,(anonymous_12)
FNF:12
FNH:0
FNDA:0,(anonymous_1)
FNDA:0,(anonymous_2)
FNDA:0,(anonymous_3)
FNDA:0,(anonymous_4)
FNDA:0,(anonymous_5)
FNDA:0,(anonymous_6)
FNDA:0,(anonymous_7)
FNDA:0,(anonymous_8)
FNDA:0,(anonymous_9)
FNDA:0,(anonymous_10)
FNDA:0,(anonymous_11)
FNDA:0,(anonymous_12)
DA:66,0
DA:67,0
DA:74,0
DA:83,0
DA:86,0
DA:91,0
DA:95,0
DA:96,0
DA:103,0
DA:111,0
DA:114,0
DA:115,0
DA:116,0
DA:120,0
DA:121,0
DA:122,0
DA:123,0
DA:126,0
DA:130,0
DA:133,0
DA:134,0
LF:21
LH:0
BRDA:95,0,0,0
BRDA:122,1,0,0
BRF:2
BRH:0
end_of_record
TN:
SF:src\pages\Cart\index.vue
FN:148,(anonymous_1)
FN:152,(anonymous_2)
FN:158,(anonymous_3)
FN:164,(anonymous_4)
FNF:4
FNH:0
FNDA:0,(anonymous_1)
FNDA:0,(anonymous_2)
FNDA:0,(anonymous_3)
FNDA:0,(anonymous_4)
DA:145,0
DA:148,0
DA:153,0
DA:154,0
DA:156,0
DA:159,0
DA:160,0
DA:162,0
DA:165,0
DA:166,0
DA:167,0
DA:174,0
LF:12
LH:0
BRDA:153,0,0,0
BRDA:159,1,0,0
BRDA:166,2,0,0
BRDA:166,2,1,0
BRF:4
BRH:0
end_of_record
TN:
SF:src\pages\Cart\CartEmpty\index.vue
FN:18,(anonymous_1)
FNF:1
FNH:0
FNDA:0,(anonymous_1)
DA:14,0
DA:19,0
LF:2
LH:0
BRF:0
BRH:0
end_of_record
TN:
SF:src\pages\Cart\CheckOut\index.vue
FN:94,(anonymous_1)
FN:100,(anonymous_2)
FN:106,(anonymous_3)
FNF:3
FNH:0
FNDA:0,(anonymous_1)
FNDA:0,(anonymous_2)
FNDA:0,(anonymous_3)
DA:91,0
DA:95,0
DA:101,0
DA:102,0
DA:107,0
LF:5
LH:0
BRDA:101,0,0,0
BRF:1
BRH:0
end_of_record
TN:
SF:src\pages\Home\home.vue
FN:31,(anonymous_1)
FN:45,(anonymous_2)
FN:49,(anonymous_3)
FN:54,(anonymous_4)
FNF:4
FNH:0
FNDA:0,(anonymous_1)
FNDA:0,(anonymous_2)
FNDA:0,(anonymous_3)
FNDA:0,(anonymous_4)
DA:21,0
DA:22,0
DA:23,0
DA:24,0
DA:25,0
DA:26,0
DA:27,0
DA:32,0
DA:46,0
DA:50,0
DA:55,0
DA:56,0
DA:57,0
DA:58,0
DA:59,0
DA:62,0
DA:64,0
LF:17
LH:0
BRDA:58,0,0,0
BRF:1
BRH:0
end_of_record
TN:
SF:src\pages\Home\components\HomeSkeleton.vue
FNF:0
FNH:0
DA:21,0
LF:1
LH:0
BRF:0
BRH:0
end_of_record
TN:
SF:src\pages\Home\components\Banner\Banner.vue
FN:20,(anonymous_1)
FNF:1
FNH:0
FNDA:0,(anonymous_1)
DA:16,0
DA:17,0
DA:21,0
LF:3
LH:0
BRF:0
BRH:0
end_of_record
TN:
SF:src\pages\Home\components\Banner\banner-box-list.vue
FN:16,(anonymous_1)
FNF:1
FNH:0
FNDA:0,(anonymous_1)
DA:17,0
LF:1
LH:0
BRF:0
BRH:0
end_of_record
TN:
SF:src\pages\Home\components\Brand\Brand.vue
FN:23,(anonymous_1)
FNF:1
FNH:0
FNDA:0,(anonymous_1)
DA:24,0
LF:1
LH:0
BRF:0
BRH:0
end_of_record
TN:
SF:src\pages\Home\components\CategoryProductList\index.vue
FN:56,(anonymous_1)
FN:67,(anonymous_2)
FN:71,(anonymous_3)
FN:72,(anonymous_4)
FN:76,(anonymous_5)
FNF:5
FNH:0
FNDA:0,(anonymous_1)
FNDA:0,(anonymous_2)
FNDA:0,(anonymous_3)
FNDA:0,(anonymous_4)
FNDA:0,(anonymous_5)
DA:48,0
DA:49,0
DA:50,0
DA:51,0
DA:57,0
DA:68,0
DA:72,0
DA:78,0
DA:79,0
DA:80,0
DA:81,0
DA:82,0
DA:85,0
DA:87,0
LF:14
LH:0
BRDA:81,0,0,0
BRF:1
BRH:0
end_of_record
TN:
SF:src\pages\Home\components\TopCategories\index.vue
FN:32,(anonymous_1)
FN:45,(anonymous_2)
FNF:2
FNH:0
FNDA:0,(anonymous_1)
FNDA:0,(anonymous_2)
DA:28,0
DA:33,0
DA:46,0
LF:3
LH:0
BRF:0
BRH:0
end_of_record
TN:
SF:src\pages\Login\index.vue
FN:94,(anonymous_1)
FN:105,(anonymous_2)
FNF:2
FNH:1
FNDA:3,(anonymous_1)
FNDA:0,(anonymous_2)
DA:87,1
DA:88,1
DA:89,1
DA:90,1
DA:95,3
DA:106,0
DA:107,0
DA:108,0
DA:109,0
DA:110,0
DA:111,0
DA:114,0
LF:12
LH:5
BRDA:108,0,0,0
BRF:1
BRH:0
end_of_record
TN:
SF:src\pages\Products\index.vue
FN:45,(anonymous_1)
FN:53,(anonymous_2)
FN:57,(anonymous_3)
FN:62,(anonymous_4)
FNF:4
FNH:0
FNDA:0,(anonymous_1)
FNDA:0,(anonymous_2)
FNDA:0,(anonymous_3)
FNDA:0,(anonymous_4)
DA:27,0
DA:28,0
DA:29,0
DA:30,0
DA:31,0
DA:32,0
DA:33,0
DA:46,0
DA:54,0
DA:58,0
DA:63,0
DA:64,0
DA:65,0
DA:66,0
DA:67,0
DA:69,0
DA:70,0
DA:71,0
DA:72,0
DA:75,0
DA:77,0
LF:21
LH:0
BRDA:66,0,0,0
BRDA:66,0,1,0
BRDA:69,1,0,0
BRF:3
BRH:0
end_of_record
TN:
SF:src\pages\Products\components\category-list.vue
FN:42,(anonymous_1)
FN:48,(anonymous_2)
FN:52,(anonymous_3)
FNF:3
FNH:0
FNDA:0,(anonymous_1)
FNDA:0,(anonymous_2)
FNDA:0,(anonymous_3)
DA:35,0
DA:36,0
DA:37,0
DA:43,0
DA:49,0
DA:53,0
DA:54,0
DA:55,0
DA:56,0
DA:59,0
LF:10
LH:0
BRDA:55,0,0,0
BRF:1
BRH:0
end_of_record
TN:
SF:src\pages\Products\components\product-filter.vue
FN:27,(anonymous_1)
FN:33,(anonymous_2)
FNF:2
FNH:0
FNDA:0,(anonymous_1)
FNDA:0,(anonymous_2)
DA:28,0
DA:34,0
DA:36,0
DA:37,0
DA:43,0
DA:45,0
DA:46,0
DA:52,0
DA:54,0
LF:9
LH:0
BRDA:34,0,0,0
BRDA:34,0,1,0
BRDA:34,0,2,0
BRF:3
BRH:0
end_of_record
TN:
SF:src\pages\Products\components\product-list.vue
FNF:0
FNH:0
DA:41,0
LF:1
LH:0
BRF:0
BRH:0
end_of_record
TN:
SF:src\pages\Products\components\ProductDetail\index.vue
FN:49,(anonymous_1)
FN:67,(anonymous_2)
FN:72,(anonymous_3)
FN:89,(anonymous_4)
FN:96,(anonymous_5)
FN:106,(anonymous_6)
FNF:6
FNH:0
FNDA:0,(anonymous_1)
FNDA:0,(anonymous_2)
FNDA:0,(anonymous_3)
FNDA:0,(anonymous_4)
FNDA:0,(anonymous_5)
FNDA:0,(anonymous_6)
DA:40,0
DA:41,0
DA:42,0
DA:43,0
DA:44,0
DA:45,0
DA:50,0
DA:68,0
DA:73,0
DA:74,0
DA:75,0
DA:76,0
DA:77,0
DA:78,0
DA:80,0
DA:83,0
DA:85,0
DA:90,0
DA:91,0
DA:92,0
DA:95,0
DA:96,0
DA:99,0
DA:101,0
DA:107,0
DA:108,0
LF:26
LH:0
BRDA:77,0,0,0
BRDA:95,1,0,0
BRF:2
BRH:0
end_of_record
TN:
SF:src\pages\Products\components\ProductDetail\components\DescriptionTabs\index.vue
FN:109,(anonymous_1)
FNF:1
FNH:0
FNDA:0,(anonymous_1)
DA:105,0
DA:106,0
DA:110,0
LF:3
LH:0
BRF:0
BRH:0
end_of_record
TN:
SF:src\pages\Products\components\ProductDetail\components\ProductInfo\index.vue
FN:80,(anonymous_1)
FN:90,(anonymous_2)
FN:96,(anonymous_3)
FNF:3
FNH:0
FNDA:0,(anonymous_1)
FNDA:0,(anonymous_2)
FNDA:0,(anonymous_3)
DA:73,0
DA:74,0
DA:76,0
DA:80,0
DA:91,0
DA:92,0
DA:94,0
DA:97,0
DA:98,0
DA:100,0
LF:10
LH:0
BRDA:91,0,0,0
BRDA:97,1,0,0
BRF:2
BRH:0
end_of_record
TN:
SF:src\pages\Products\components\ProductDetail\components\ProductSidebar\index.vue
FNF:0
FNH:0
DA:36,0
DA:37,0
LF:2
LH:0
BRF:0
BRH:0
end_of_record
TN:
SF:src\pages\Products\components\ProductDetail\components\RelatedProducts\index.vue
FNF:0
FNH:0
DA:27,0
DA:28,0
LF:2
LH:0
BRF:0
BRH:0
end_of_record
TN:
SF:src\pages\Products\components\ProductDetail\components\Sidebar\Sidebar.vue
FN:59,(anonymous_1)
FNF:1
FNH:0
FNDA:0,(anonymous_1)
DA:55,0
DA:56,0
DA:60,0
LF:3
LH:0
BRF:0
BRH:0
end_of_record
TN:
SF:src\pages\Register\index.vue
FN:116,(anonymous_1)
FN:130,(anonymous_2)
FNF:2
FNH:0
FNDA:0,(anonymous_1)
FNDA:0,(anonymous_2)
DA:110,0
DA:111,0
DA:117,0
DA:131,0
DA:132,0
DA:133,0
DA:134,0
DA:135,0
DA:138,0
LF:9
LH:0
BRDA:133,0,0,0
BRF:1
BRH:0
end_of_record
TN:
SF:src\pages\User\index.vue
FNF:0
FNH:0
DA:13,0
LF:1
LH:0
BRF:0
BRH:0
end_of_record
TN:
SF:src\pages\User\components\OrderDetail.vue
FN:93,(anonymous_1)
FN:101,(anonymous_2)
FN:106,(anonymous_3)
FN:112,(anonymous_4)
FN:119,(anonymous_5)
FNF:5
FNH:0
FNDA:0,(anonymous_1)
FNDA:0,(anonymous_2)
FNDA:0,(anonymous_3)
FNDA:0,(anonymous_4)
FNDA:0,(anonymous_5)
DA:87,0
DA:88,0
DA:89,0
DA:94,0
DA:102,0
DA:103,0
DA:107,0
DA:108,0
DA:109,0
DA:110,0
DA:111,0
DA:112,0
DA:113,0
DA:116,0
DA:120,0
DA:121,0
DA:122,0
DA:123,0
DA:126,0
LF:19
LH:0
BRDA:109,0,0,0
BRDA:122,1,0,0
BRF:2
BRH:0
end_of_record
TN:
SF:src\pages\User\components\UserOrder.vue
FN:26,(anonymous_1)
FN:32,(anonymous_2)
FN:36,(anonymous_3)
FNF:3
FNH:0
FNDA:0,(anonymous_1)
FNDA:0,(anonymous_2)
FNDA:0,(anonymous_3)
DA:21,0
DA:22,0
DA:23,0
DA:27,0
DA:33,0
DA:37,0
DA:38,0
DA:39,0
DA:40,0
DA:43,0
LF:10
LH:0
BRDA:39,0,0,0
BRF:1
BRH:0
end_of_record
TN:
SF:src\pages\User\components\UserProfile.vue
FN:133,(anonymous_1)
FN:144,(anonymous_2)
FN:148,(anonymous_3)
FN:158,(anonymous_4)
FNF:4
FNH:0
FNDA:0,(anonymous_1)
FNDA:0,(anonymous_2)
FNDA:0,(anonymous_3)
FNDA:0,(anonymous_4)
DA:125,0
DA:126,0
DA:134,0
DA:145,0
DA:149,0
DA:150,0
DA:151,0
DA:152,0
DA:155,0
DA:159,0
DA:160,0
DA:161,0
DA:165,0
DA:166,0
DA:167,0
DA:168,0
DA:169,0
DA:174,0
DA:177,0
DA:178,0
DA:179,0
DA:180,0
DA:181,0
DA:187,0
LF:24
LH:0
BRDA:151,0,0,0
BRDA:160,1,0,0
BRDA:160,1,1,0
BRDA:167,2,0,0
BRDA:179,3,0,0
BRF:5
BRH:0
end_of_record
